2020-08-15 12:33:38.099 [INFO] Starting!
2020-08-15 12:33:38.099 [INFO] Config {
    window: WindowConfig {
        fullscreen: false,
        vsync: false,
        width: 1600,
        height: 900,
        bg_color: [
            0.757,
            0.258,
            0.121,
            1.0,
        ],
    },
    application: AppConfig {
        name: "Triangle Example",
        version: [
            0,
            1,
            0,
        ],
    },
}
2020-08-15 12:33:38.115 [INFO] Guessed window scale factor: 1
2020-08-15 12:33:38.116 [INFO] Window and Event Loop Created
2020-08-15 12:33:38.133 [INFO] Unable to find extension: VK_KHR_wayland_surface
2020-08-15 12:33:38.149 [INFO] Adapter Vulkan AdapterInfo { name: "GeForce GTX 1070", vendor: 4318, device: 7041, device_type: DiscreteGpu }
2020-08-15 12:33:38.151 [INFO] 
GENERAL [Loader Message (0)] : Inserted device layer VK_LAYER_KHRONOS_validation (libVkLayer_khronos_validation.so)
object info: (type: INSTANCE, hndl: 94802253329328)

2020-08-15 12:33:38.176 [INFO] creating swap chain SwapChainDescriptor { usage: OUTPUT_ATTACHMENT, format: Bgra8UnormSrgb, width: 1600, height: 900, present_mode: Immediate }
2020-08-15 12:33:38.266 [INFO] Created mapped buffer (0, 1, Vulkan) with BufferDescriptor { label: 0x0, size: 72, usage: MAP_WRITE | VERTEX }
2020-08-15 12:33:38.266 [INFO] Created mapped buffer (1, 1, Vulkan) with BufferDescriptor { label: 0x0, size: 6, usage: MAP_WRITE | INDEX }
2020-08-15 12:33:38.358 [INFO] Initialization complete in 0.25825268 s
2020-08-15 12:33:38.358 [INFO] Starting Game Loop
2020-08-15 12:33:38.358 [INFO] creating swap chain SwapChainDescriptor { usage: OUTPUT_ATTACHMENT, format: Bgra8UnormSrgb, width: 1600, height: 900, present_mode: Immediate }
2020-08-15 12:33:38.379 [INFO] Starting on thread ThreadId(1)
2020-08-15 12:33:40.965 [INFO] Game Loop Stopped
