[UTC: 15:20:01.041] [INFO] Initializing Hobby Engine
[UTC: 15:20:01.056] [INFO] Initializing Renderer
[UTC: 15:20:01.061] [INFO] Guessed window DPI factor: 1.1666666666666667
[UTC: 15:20:01.313] [INFO] Built Window
[UTC: 15:20:01.313] [INFO] 	Window Size: PhysicalSize { width: 1600.0, height: 900.0 }
[UTC: 15:20:01.313] [INFO] Vulkan Application Info:
[UTC: 15:20:01.314] [INFO] 	Engine Name: "hobby"
[UTC: 15:20:01.314] [INFO] 	Engine Version: 0.1.0
[UTC: 15:20:01.314] [INFO] 	Application Name: "triangle"
[UTC: 15:20:01.314] [INFO] 	Application Version: 0.1.0
[UTC: 15:20:01.372] [INFO] Available instance extensions:
[UTC: 15:20:01.372] [INFO] 	'VK_KHR_device_group_creation' (version: 1)
[UTC: 15:20:01.372] [INFO] 	'VK_KHR_display' (version: 21)
[UTC: 15:20:01.372] [INFO] 	'VK_KHR_external_fence_capabilities' (version: 1)
[UTC: 15:20:01.372] [INFO] 	'VK_KHR_external_memory_capabilities' (version: 1)
[UTC: 15:20:01.372] [INFO] 	'VK_KHR_external_semaphore_capabilities' (version: 1)
[UTC: 15:20:01.372] [INFO] 	'VK_KHR_get_display_properties2' (version: 1)
[UTC: 15:20:01.372] [INFO] 	'VK_KHR_get_physical_device_properties2' (version: 1)
[UTC: 15:20:01.373] [INFO] 	'VK_KHR_get_surface_capabilities2' (version: 1)
[UTC: 15:20:01.373] [INFO] 	'VK_KHR_surface' (version: 25)
[UTC: 15:20:01.373] [INFO] 	'VK_KHR_xcb_surface' (version: 6)
[UTC: 15:20:01.373] [INFO] 	'VK_KHR_xlib_surface' (version: 6)
[UTC: 15:20:01.373] [INFO] 	'VK_EXT_acquire_xlib_display' (version: 1)
[UTC: 15:20:01.373] [INFO] 	'VK_EXT_debug_report' (version: 9)
[UTC: 15:20:01.373] [INFO] 	'VK_EXT_direct_mode_display' (version: 1)
[UTC: 15:20:01.373] [INFO] 	'VK_EXT_display_surface_counter' (version: 1)
[UTC: 15:20:01.373] [INFO] 	'VK_KHR_wayland_surface' (version: 6)
[UTC: 15:20:01.373] [INFO] 	'VK_EXT_debug_utils' (version: 1)
[UTC: 15:20:01.445] [INFO] Instance Created
[UTC: 15:20:01.447] [INFO] Surface Created
[UTC: 15:20:01.448] [INFO] Physical Device: "GeForce GTX 1070", Type: DiscreteGpu
[UTC: 15:20:01.448] [INFO] Supported API Version: Version([1, 1, 82])
[UTC: 15:20:01.471] [INFO] Logical Device Created
[UTC: 15:20:01.471] [INFO] Graphics Queue Family ID: 0
[UTC: 15:20:01.471] [INFO] Present Queue Family ID: 0
[UTC: 15:20:01.477] [INFO] Prefered surface format found
[UTC: 15:20:01.477] [INFO] Surface Format: B8G8R8A8Unorm
[UTC: 15:20:01.477] [INFO] Color Space: SrgbNonlinearKhr
[UTC: 15:20:01.477] [INFO] Present mode selected: ImmediateKhr
[UTC: 15:20:01.477] [INFO] Swapchain Extent Size: W: 1600, H: 900
[UTC: 15:20:01.477] [INFO] Number of images in swapchain: 3
[UTC: 15:20:01.477] [INFO] Swapchain Image Sharing Mode: Exclusive
